<?xml version="1.0" encoding="UTF-8"?>
<!-- Generated by org.testng.reporters.JUnitReportReporter -->
<testsuite skipped="0" hostname="DESKTOP-KG1G495" name="basic.LoadURL" tests="1" failures="0" timestamp="16 Apr 2019 16:07:46 GMT" time="3.596" errors="0">
  <testcase name="LoadURL" time="3.596" classname="basic.LoadURL"/>
</testsuite> <!-- basic.LoadURL -->
